0 info it worked if it ends with ok
1 verbose cli [ 'node', '/usr/local/bin/npm', 'install', 'gulp-ugligy', '-S' ]
2 info using npm@1.4.28
3 info using node@v0.10.33
4 warn package.json p5_ko@1.0.0 No description
5 warn package.json p5_ko@1.0.0 No repository field.
6 warn package.json p5_ko@1.0.0 No README data
7 verbose readDependencies using package.json deps
8 verbose cache add [ 'gulp-ugligy', null ]
9 verbose cache add name=undefined spec="gulp-ugligy" args=["gulp-ugligy",null]
10 verbose parsed url { protocol: null,
10 verbose parsed url   slashes: null,
10 verbose parsed url   auth: null,
10 verbose parsed url   host: null,
10 verbose parsed url   port: null,
10 verbose parsed url   hostname: null,
10 verbose parsed url   hash: null,
10 verbose parsed url   search: null,
10 verbose parsed url   query: null,
10 verbose parsed url   pathname: 'gulp-ugligy',
10 verbose parsed url   path: 'gulp-ugligy',
10 verbose parsed url   href: 'gulp-ugligy' }
11 silly lockFile 5f3257e9-gulp-ugligy gulp-ugligy
12 verbose lock gulp-ugligy /Users/haopei/.npm/5f3257e9-gulp-ugligy.lock
13 silly lockFile 5f3257e9-gulp-ugligy gulp-ugligy
14 silly lockFile 5f3257e9-gulp-ugligy gulp-ugligy
15 verbose addNamed [ 'gulp-ugligy', '' ]
16 verbose addNamed [ null, '*' ]
17 silly lockFile eed558c0-gulp-ugligy gulp-ugligy@
18 verbose lock gulp-ugligy@ /Users/haopei/.npm/eed558c0-gulp-ugligy.lock
19 silly addNameRange { name: 'gulp-ugligy', range: '*', hasData: false }
20 verbose request where is /gulp-ugligy
21 verbose request registry https://registry.npmjs.org/
22 verbose request id 390b4e0c404be0f5
23 verbose url raw /gulp-ugligy
24 verbose url resolving [ 'https://registry.npmjs.org/', './gulp-ugligy' ]
25 verbose url resolved https://registry.npmjs.org/gulp-ugligy
26 verbose request where is https://registry.npmjs.org/gulp-ugligy
27 info trying registry request attempt 1 at 11:55:56
28 http GET https://registry.npmjs.org/gulp-ugligy
29 http 404 https://registry.npmjs.org/gulp-ugligy
30 verbose headers { date: 'Fri, 09 Jan 2015 15:46:26 GMT',
30 verbose headers   server: 'CouchDB/1.5.0 (Erlang OTP/R14B04)',
30 verbose headers   'content-type': 'application/json',
30 verbose headers   'cache-control': 'max-age=0',
30 verbose headers   'content-length': '52',
30 verbose headers   'accept-ranges': 'bytes',
30 verbose headers   via: '1.1 varnish',
30 verbose headers   age: '0',
30 verbose headers   'x-served-by': 'cache-jfk1032-JFK',
30 verbose headers   'x-cache': 'MISS',
30 verbose headers   'x-cache-hits': '0',
30 verbose headers   'x-timer': 'S1420818386.818351,VS0,VE27',
30 verbose headers   'keep-alive': 'timeout=10, max=50',
30 verbose headers   connection: 'Keep-Alive' }
31 silly registry.get cb [ 404,
31 silly registry.get   { date: 'Fri, 09 Jan 2015 15:46:26 GMT',
31 silly registry.get     server: 'CouchDB/1.5.0 (Erlang OTP/R14B04)',
31 silly registry.get     'content-type': 'application/json',
31 silly registry.get     'cache-control': 'max-age=0',
31 silly registry.get     'content-length': '52',
31 silly registry.get     'accept-ranges': 'bytes',
31 silly registry.get     via: '1.1 varnish',
31 silly registry.get     age: '0',
31 silly registry.get     'x-served-by': 'cache-jfk1032-JFK',
31 silly registry.get     'x-cache': 'MISS',
31 silly registry.get     'x-cache-hits': '0',
31 silly registry.get     'x-timer': 'S1420818386.818351,VS0,VE27',
31 silly registry.get     'keep-alive': 'timeout=10, max=50',
31 silly registry.get     connection: 'Keep-Alive' } ]
32 silly lockFile eed558c0-gulp-ugligy gulp-ugligy@
33 silly lockFile eed558c0-gulp-ugligy gulp-ugligy@
34 error 404 404 Not Found: gulp-ugligy
34 error 404
34 error 404 'gulp-ugligy' is not in the npm registry.
34 error 404 You should bug the author to publish it
34 error 404 It was specified as a dependency of 'p5_ko'
34 error 404
34 error 404 Note that you can also install from a
34 error 404 tarball, folder, or http url, or git url.
35 error System Darwin 10.8.0
36 error command "node" "/usr/local/bin/npm" "install" "gulp-ugligy" "-S"
37 error cwd /Users/haopei/lab/_nanodegree/p5_neighbourhood_map
38 error node -v v0.10.33
39 error npm -v 1.4.28
40 error code E404
41 verbose exit [ 1, true ]
